<?xml version="1.0" encoding="UTF-8"?>
<!-- Generated by org.testng.reporters.JUnitXMLReporter -->
<testsuite ignored="0" hostname="DESKTOP-KKKNG8S" failures="1" tests="1" name="Command line test" time="12.433" errors="0" timestamp="2022-12-27T23:37:35 MSK">
  <testcase classname="LoginTest" name="Login" time="5.377">
    <failure type="java.lang.AssertionError" message="expected [false] but found [true]">
      <![CDATA[java.lang.AssertionError: expected [false] but found [true]
at LoginTest.Login(LoginTest.java:20)
at java.base/java.util.ArrayList.forEach(ArrayList.java:1511)
... Removed 40 stack frames]]>
    </failure>
  </testcase> <!-- Login -->
</testsuite> <!-- Command line test -->
