<?xml version="1.0" encoding="UTF-8" ?>
<testsuite tests="1" failures="1" name="LoginTest" time="5.379" errors="0" skipped="0">
  <properties>
[...]
</properties>
  <testcase classname="LoginTest" name="Login" time="5.379">
    <failure message="expected [false] but found [true]" type="java.lang.AssertionError">java.lang.AssertionError: expected [false] but found [true]
	at org.testng.Assert.fail(Assert.java:110)
	at org.testng.Assert.failNotEquals(Assert.java:1413)
	at org.testng.Assert.assertFalse(Assert.java:78)
	at org.testng.Assert.assertFalse(Assert.java:88)
	at LoginTest.Login(LoginTest.java:20)
</failure>
    <system-out>Configuring TestNG with: org.apache.maven.surefire.testng.conf.TestNG652Configurator@475530b9
</system-out>
    <system-err>1672173444125	geckodriver	INFO	Listening on 127.0.0.1:19755
1672173444632	mozrunner::runner	INFO	Running command: &quot;C:\\Program Files\\Mozilla Firefox\\firefox.exe&quot; &quot;--marionette&quot; &quot;--remote-debugging-port&quot; &quot;34947&quot; &quot;--remote-allow-hosts&quot; &quot;localhost&quot; &quot;--remote-allow-origins&quot; &quot;http://127.0.0.1:34947/,http://localhost:34947/,http://[::1]:34947/&quot; &quot;-no-remote&quot; &quot;-profile&quot; &quot;C:\\Users\\VLADIS~1\\AppData\\Local\\Temp\\rust_mozprofileal7nUR&quot;
1672173445120	Marionette	INFO	Marionette enabled
1672173445129	Marionette	INFO	Listening on port 59860
Read port: 59860
WebDriver BiDi listening on ws://127.0.0.1:34947
1672173445298	RemoteAgent	WARN	TLS certificate errors will be ignored for this session
console.warn: SearchSettings: &quot;get: No settings file exists, new profile?&quot; (new NotFoundError(&quot;Could not open the file at C:\\Users\\VLADIS~1\\AppData\\Local\\Temp\\rust_mozprofileal7nUR\\search.json.mozlz4&quot;, (void 0)))
DevTools listening on ws://127.0.0.1:34947/devtools/browser/a2ab62bf-636b-4bb7-b4d0-73bdd3b4df35
JavaScript error: resource://gre/modules/URIFixup.jsm, line 307: NS_ERROR_FAILURE: Should pass a non-null uri
дек. 27, 2022 11:37:32 PM page.Login openPage
INFO: opening loogin page
дек. 27, 2022 11:37:32 PM page.Login putLoginData
INFO: puting data into fields
дек. 27, 2022 11:37:33 PM page.Login loginClick
INFO: clicking on login
console.warn: LoginRecipes: &quot;Falling back to a synchronous message for: https://xistore.by.&quot;
</system-err>
  </testcase>
</testsuite>